build/app/intermediates/manifest_merge_blame_file/release/manifest-merger-blame-release-report.txt
1<?xml version="1.0" encoding="utf-8"?>
2<manifest xmlns:android="http://schemas.android.com/apk/res/android"
3    package="app.br.eco.arboris"
4    android:versionCode="4013"
5    android:versionName="1.0.0" >
6
7    <uses-sdk
8        android:minSdkVersion="16"
8-->src/main/AndroidManifest.xml
9        android:targetSdkVersion="28" />
9-->src/main/AndroidManifest.xml
10
11    <uses-permission android:name="android.permission.ACCESS_FINE_LOCATION" /> <!-- Required permission for App measurement to run. -->
11-->[:geolocator] AndroidManifest.xml:7:5-79
11-->[:geolocator] AndroidManifest.xml:7:22-76
12    <uses-permission android:name="android.permission.INTERNET" />
12-->[com.google.android.gms:play-services-measurement:17.3.0] AndroidManifest.xml:23:5-67
12-->[com.google.android.gms:play-services-measurement:17.3.0] AndroidManifest.xml:23:22-64
13    <uses-permission android:name="android.permission.ACCESS_NETWORK_STATE" />
13-->[com.google.android.gms:play-services-measurement:17.3.0] AndroidManifest.xml:24:5-79
13-->[com.google.android.gms:play-services-measurement:17.3.0] AndroidManifest.xml:24:22-76
14    <uses-permission android:name="android.permission.WAKE_LOCK" />
14-->[com.google.android.gms:play-services-measurement:17.3.0] AndroidManifest.xml:25:5-68
14-->[com.google.android.gms:play-services-measurement:17.3.0] AndroidManifest.xml:25:22-65
15    <uses-permission android:name="com.google.android.finsky.permission.BIND_GET_INSTALL_REFERRER_SERVICE" /> <!-- Required by older versions of Google Play services to create IID tokens -->
15-->[com.google.android.gms:play-services-measurement:17.3.0] AndroidManifest.xml:26:5-110
15-->[com.google.android.gms:play-services-measurement:17.3.0] AndroidManifest.xml:26:22-107
16    <uses-permission android:name="com.google.android.c2dm.permission.RECEIVE" />
16-->[com.google.firebase:firebase-iid:20.0.2] AndroidManifest.xml:26:5-82
16-->[com.google.firebase:firebase-iid:20.0.2] AndroidManifest.xml:26:22-79
17    <!--
18 io.flutter.app.FlutterApplication is an android.app.Application that
19         calls FlutterMain.startInitialization(this); in its onCreate method.
20         In most cases you can leave this as-is, but you if you want to provide
21         additional functionality it is fine to subclass or reimplement
22         FlutterApplication and put your custom class here.
23    -->
24    <application
24-->src/main/AndroidManifest.xml:8:5-32:19
25        android:name="io.flutter.app.FlutterApplication"
25-->src/main/AndroidManifest.xml:9:9-57
26        android:appComponentFactory="androidx.core.app.CoreComponentFactory"
26-->[androidx.core:core:1.2.0] AndroidManifest.xml:24:18-86
27        android:icon="@mipmap/ic_launcher"
27-->src/main/AndroidManifest.xml:11:9-43
28        android:label="Arbóris" >
28-->src/main/AndroidManifest.xml:10:9-32
29        <meta-data
29-->src/main/AndroidManifest.xml:13:9-14:70
30            android:name="com.google.android.geo.API_KEY"
30-->src/main/AndroidManifest.xml:13:20-65
31            android:value="AIzaSyDRR44uPsfHl0GMWYd7FsTPLuXEfHdKpRQ" />
31-->src/main/AndroidManifest.xml:14:13-68
32
33        <activity
33-->src/main/AndroidManifest.xml:15:9-26:20
34            android:name="app.br.eco.arboris.MainActivity"
34-->src/main/AndroidManifest.xml:16:13-41
35            android:configChanges="orientation|keyboardHidden|keyboard|screenSize|smallestScreenSize|locale|layoutDirection|fontScale|screenLayout|density|uiMode"
35-->src/main/AndroidManifest.xml:19:13-163
36            android:hardwareAccelerated="true"
36-->src/main/AndroidManifest.xml:20:13-47
37            android:launchMode="singleTop"
37-->src/main/AndroidManifest.xml:17:13-43
38            android:theme="@style/LaunchTheme"
38-->src/main/AndroidManifest.xml:18:13-47
39            android:windowSoftInputMode="adjustResize" >
39-->src/main/AndroidManifest.xml:21:13-55
40            <intent-filter>
40-->src/main/AndroidManifest.xml:22:13-25:29
41                <action android:name="android.intent.action.MAIN" />
41-->src/main/AndroidManifest.xml:23:17-68
41-->src/main/AndroidManifest.xml:23:25-66
42
43                <category android:name="android.intent.category.LAUNCHER" />
43-->src/main/AndroidManifest.xml:24:17-76
43-->src/main/AndroidManifest.xml:24:27-74
44            </intent-filter>
45        </activity>
46        <!--
47             Don't delete the meta-data below.
48             This is used by the Flutter tool to generate GeneratedPluginRegistrant.java
49        -->
50        <meta-data
50-->src/main/AndroidManifest.xml:29:9-31:33
51            android:name="flutterEmbedding"
51-->src/main/AndroidManifest.xml:30:13-44
52            android:value="2" />
52-->src/main/AndroidManifest.xml:31:13-30
53
54        <activity
54-->[:url_launcher] AndroidManifest.xml:8:9-11:74
55            android:name="io.flutter.plugins.urllauncher.WebViewActivity"
55-->[:url_launcher] AndroidManifest.xml:9:13-74
56            android:exported="false"
56-->[:url_launcher] AndroidManifest.xml:10:13-37
57            android:theme="@android:style/Theme.NoTitleBar.Fullscreen" />
57-->[:url_launcher] AndroidManifest.xml:11:13-71
58
59        <receiver
59-->[com.google.android.gms:play-services-measurement:17.3.0] AndroidManifest.xml:29:9-33:20
60            android:name="com.google.android.gms.measurement.AppMeasurementReceiver"
60-->[com.google.android.gms:play-services-measurement:17.3.0] AndroidManifest.xml:30:13-85
61            android:enabled="true"
61-->[com.google.android.gms:play-services-measurement:17.3.0] AndroidManifest.xml:31:13-35
62            android:exported="false" >
62-->[com.google.android.gms:play-services-measurement:17.3.0] AndroidManifest.xml:32:13-37
63        </receiver>
64        <receiver
64-->[com.google.android.gms:play-services-measurement:17.3.0] AndroidManifest.xml:34:9-42:20
65            android:name="com.google.android.gms.measurement.AppMeasurementInstallReferrerReceiver"
65-->[com.google.android.gms:play-services-measurement:17.3.0] AndroidManifest.xml:35:13-100
66            android:enabled="true"
66-->[com.google.android.gms:play-services-measurement:17.3.0] AndroidManifest.xml:36:13-35
67            android:exported="true"
67-->[com.google.android.gms:play-services-measurement:17.3.0] AndroidManifest.xml:37:13-36
68            android:permission="android.permission.INSTALL_PACKAGES" >
68-->[com.google.android.gms:play-services-measurement:17.3.0] AndroidManifest.xml:38:13-69
69            <intent-filter>
69-->[com.google.android.gms:play-services-measurement:17.3.0] AndroidManifest.xml:39:13-41:29
70                <action android:name="com.android.vending.INSTALL_REFERRER" />
70-->[com.google.android.gms:play-services-measurement:17.3.0] AndroidManifest.xml:40:17-79
70-->[com.google.android.gms:play-services-measurement:17.3.0] AndroidManifest.xml:40:25-76
71            </intent-filter>
72        </receiver>
73
74        <service
74-->[com.google.android.gms:play-services-measurement:17.3.0] AndroidManifest.xml:44:9-47:40
75            android:name="com.google.android.gms.measurement.AppMeasurementService"
75-->[com.google.android.gms:play-services-measurement:17.3.0] AndroidManifest.xml:45:13-84
76            android:enabled="true"
76-->[com.google.android.gms:play-services-measurement:17.3.0] AndroidManifest.xml:46:13-35
77            android:exported="false" />
77-->[com.google.android.gms:play-services-measurement:17.3.0] AndroidManifest.xml:47:13-37
78        <service
78-->[com.google.android.gms:play-services-measurement:17.3.0] AndroidManifest.xml:48:9-52:72
79            android:name="com.google.android.gms.measurement.AppMeasurementJobService"
79-->[com.google.android.gms:play-services-measurement:17.3.0] AndroidManifest.xml:49:13-87
80            android:enabled="true"
80-->[com.google.android.gms:play-services-measurement:17.3.0] AndroidManifest.xml:50:13-35
81            android:exported="false"
81-->[com.google.android.gms:play-services-measurement:17.3.0] AndroidManifest.xml:51:13-37
82            android:permission="android.permission.BIND_JOB_SERVICE" />
82-->[com.google.android.gms:play-services-measurement:17.3.0] AndroidManifest.xml:52:13-69
83        <service
83-->[com.google.android.gms:play-services-measurement-api:17.3.0] AndroidManifest.xml:27:9-33:19
84            android:name="com.google.firebase.components.ComponentDiscoveryService"
84-->[com.google.android.gms:play-services-measurement-api:17.3.0] AndroidManifest.xml:28:13-84
85            android:directBootAware="true"
85-->[com.google.firebase:firebase-common:19.3.0] AndroidManifest.xml:34:13-43
86            android:exported="false" >
86-->[com.google.android.gms:play-services-measurement-api:17.3.0] AndroidManifest.xml:29:13-37
87            <meta-data
87-->[com.google.android.gms:play-services-measurement-api:17.3.0] AndroidManifest.xml:30:13-32:85
88                android:name="com.google.firebase.components:com.google.firebase.analytics.connector.internal.AnalyticsConnectorRegistrar"
88-->[com.google.android.gms:play-services-measurement-api:17.3.0] AndroidManifest.xml:31:17-139
89                android:value="com.google.firebase.components.ComponentRegistrar" />
89-->[com.google.android.gms:play-services-measurement-api:17.3.0] AndroidManifest.xml:32:17-82
90            <meta-data
90-->[com.google.firebase:firebase-iid:20.0.2] AndroidManifest.xml:32:13-34:85
91                android:name="com.google.firebase.components:com.google.firebase.iid.Registrar"
91-->[com.google.firebase:firebase-iid:20.0.2] AndroidManifest.xml:33:17-96
92                android:value="com.google.firebase.components.ComponentRegistrar" />
92-->[com.google.firebase:firebase-iid:20.0.2] AndroidManifest.xml:34:17-82
93        </service>
94
95        <receiver
95-->[com.google.firebase:firebase-iid:20.0.2] AndroidManifest.xml:37:9-44:20
96            android:name="com.google.firebase.iid.FirebaseInstanceIdReceiver"
96-->[com.google.firebase:firebase-iid:20.0.2] AndroidManifest.xml:38:13-78
97            android:exported="true"
97-->[com.google.firebase:firebase-iid:20.0.2] AndroidManifest.xml:39:13-36
98            android:permission="com.google.android.c2dm.permission.SEND" >
98-->[com.google.firebase:firebase-iid:20.0.2] AndroidManifest.xml:40:13-73
99            <intent-filter>
99-->[com.google.firebase:firebase-iid:20.0.2] AndroidManifest.xml:41:13-43:29
100                <action android:name="com.google.android.c2dm.intent.RECEIVE" />
100-->[com.google.firebase:firebase-iid:20.0.2] AndroidManifest.xml:42:17-81
100-->[com.google.firebase:firebase-iid:20.0.2] AndroidManifest.xml:42:25-78
101            </intent-filter>
102        </receiver>
103
104        <activity
104-->[com.google.android.gms:play-services-base:17.2.1] AndroidManifest.xml:23:9-26:75
105            android:name="com.google.android.gms.common.api.GoogleApiActivity"
105-->[com.google.android.gms:play-services-base:17.2.1] AndroidManifest.xml:24:13-79
106            android:exported="false"
106-->[com.google.android.gms:play-services-base:17.2.1] AndroidManifest.xml:25:13-37
107            android:theme="@android:style/Theme.Translucent.NoTitleBar" />
107-->[com.google.android.gms:play-services-base:17.2.1] AndroidManifest.xml:26:13-72
108
109        <provider
109-->[com.google.firebase:firebase-common:19.3.0] AndroidManifest.xml:26:9-30:39
110            android:name="com.google.firebase.provider.FirebaseInitProvider"
110-->[com.google.firebase:firebase-common:19.3.0] AndroidManifest.xml:27:13-77
111            android:authorities="app.br.eco.arboris.firebaseinitprovider"
111-->[com.google.firebase:firebase-common:19.3.0] AndroidManifest.xml:28:13-72
112            android:exported="false"
112-->[com.google.firebase:firebase-common:19.3.0] AndroidManifest.xml:29:13-37
113            android:initOrder="100" />
113-->[com.google.firebase:firebase-common:19.3.0] AndroidManifest.xml:30:13-36
114
115        <meta-data
115-->[com.google.android.gms:play-services-basement:17.2.1] AndroidManifest.xml:23:9-25:69
116            android:name="com.google.android.gms.version"
116-->[com.google.android.gms:play-services-basement:17.2.1] AndroidManifest.xml:24:13-58
117            android:value="@integer/google_play_services_version" />
117-->[com.google.android.gms:play-services-basement:17.2.1] AndroidManifest.xml:25:13-66
118    </application>
119
120</manifest>